{"name": "test_products_group", "status": "skipped", "statusDetails": {"message": "XFAIL Wait for fix bug\n\nselenium.common.exceptions.ElementClickInterceptedException: Message: element click intercepted: Element <a href=\"https://test.qa.studio?products_group=sale\" class=\"tab-sale \">...</a> is not clickable at point (708, 694). Other element would receive the click: <div class=\"catalog-toolbar-tabs__content\">...</div>\n  (Session info: chrome=108.0.5359.125)\nStacktrace:\nBacktrace:\n\t(No symbol) [0x0096F243]\n\t(No symbol) [0x008F7FD1]\n\t(No symbol) [0x007ED04D]\n\t(No symbol) [0x008228B9]\n\t(No symbol) [0x008208CC]\n\t(No symbol) [0x0081E4CB]\n\t(No symbol) [0x0081D164]\n\t(No symbol) [0x008132A6]\n\t(No symbol) [0x0083858C]\n\t(No symbol) [0x00812BFF]\n\t(No symbol) [0x00838804]\n\t(No symbol) [0x0084C9EB]\n\t(No symbol) [0x00838386]\n\t(No symbol) [0x0081163C]\n\t(No symbol) [0x0081269D]\n\tGetHandleVerifier [0x00C09A22+2655074]\n\tGetHandleVerifier [0x00BFCA24+2601828]\n\tGetHandleVerifier [0x00A18C0A+619850]\n\tGetHandleVerifier [0x00A17830+614768]\n\t(No symbol) [0x009005FC]\n\t(No symbol) [0x00905968]\n\t(No symbol) [0x00905A55]\n\t(No symbol) [0x0091051B]\n\tBaseThreadInitThunk [0x76FDFA29+25]\n\tRtlGetAppContainerNamedObjectPath [0x77127A9E+286]\n\tRtlGetAppContainerNamedObjectPath [0x77127A6E+238]", "trace": "tests\\test_shop.py:47: in test_products_group\n    element.click()\n        browser    = <selenium.webdriver.chrome.webdriver.WebDriver (session=\"7ca903c2a00ab6f28becaebce22387e3\")>\n        element    = <selenium.webdriver.remote.webelement.WebElement (session=\"7ca903c2a00ab6f28becaebce22387e3\", element=\"388bdc0b-d428-4bd9-a4d8-2ee290dd1705\")>\n        elements   = [<selenium.webdriver.remote.webelement.WebElement (session=\"7ca903c2a00ab6f28becaebce22387e3\", element=\"c4ba92c8-e90b-...te.webelement.WebElement (session=\"7ca903c2a00ab6f28becaebce22387e3\", element=\"5466ad14-ab4e-40e8-80d6-f352d6f12bf0\")>]\n        expected_menu = [('Все', '', \"[class='tab-all active']\"), ('Бестселлеры', '/?products_group=best_sellers', \"[class='tab-best_sellers '... '/?products_group=new', \"[class='tab-new ']\"), ('Распродажа товаров', '/?products_group=sale', \"[class='tab-sale ']\")]\n        item       = ('Распродажа товаров', '/?products_group=sale', \"[class='tab-sale ']\")\n        menu_element = \"[class='catalog-toolbar-tabs__content'] a\"\n..\\..\\..\\AppData\\Local\\Programs\\Python\\Python311\\Lib\\site-packages\\selenium\\webdriver\\remote\\webelement.py:93: in click\n    self._execute(Command.CLICK_ELEMENT)\n        self       = <selenium.webdriver.remote.webelement.WebElement (session=\"7ca903c2a00ab6f28becaebce22387e3\", element=\"388bdc0b-d428-4bd9-a4d8-2ee290dd1705\")>\n..\\..\\..\\AppData\\Local\\Programs\\Python\\Python311\\Lib\\site-packages\\selenium\\webdriver\\remote\\webelement.py:410: in _execute\n    return self._parent.execute(command, params)\n        command    = 'clickElement'\n        params     = {'id': '388bdc0b-d428-4bd9-a4d8-2ee290dd1705'}\n        self       = <selenium.webdriver.remote.webelement.WebElement (session=\"7ca903c2a00ab6f28becaebce22387e3\", element=\"388bdc0b-d428-4bd9-a4d8-2ee290dd1705\")>\n..\\..\\..\\AppData\\Local\\Programs\\Python\\Python311\\Lib\\site-packages\\selenium\\webdriver\\remote\\webdriver.py:444: in execute\n    self.error_handler.check_response(response)\n        driver_command = 'clickElement'\n        params     = {'id': '388bdc0b-d428-4bd9-a4d8-2ee290dd1705'}\n        response   = {'status': 400, 'value': '{\"value\":{\"error\":\"element click intercepted\",\"message\":\"element click intercepted: Element ...\\n\\\\tRtlGetAppContainerNamedObjectPath [0x77127A9E+286]\\\\n\\\\tRtlGetAppContainerNamedObjectPath [0x77127A6E+238]\\\\n\"}}'}\n        self       = <selenium.webdriver.chrome.webdriver.WebDriver (session=\"7ca903c2a00ab6f28becaebce22387e3\")>\n..\\..\\..\\AppData\\Local\\Programs\\Python\\Python311\\Lib\\site-packages\\selenium\\webdriver\\remote\\errorhandler.py:249: in check_response\n    raise exception_class(message, screen, stacktrace)\nE   selenium.common.exceptions.ElementClickInterceptedException: Message: element click intercepted: Element <a href=\"https://test.qa.studio?products_group=sale\" class=\"tab-sale \">...</a> is not clickable at point (708, 694). Other element would receive the click: <div class=\"catalog-toolbar-tabs__content\">...</div>\nE     (Session info: chrome=108.0.5359.125)\nE   Stacktrace:\nE   Backtrace:\nE   \t(No symbol) [0x0096F243]\nE   \t(No symbol) [0x008F7FD1]\nE   \t(No symbol) [0x007ED04D]\nE   \t(No symbol) [0x008228B9]\nE   \t(No symbol) [0x008208CC]\nE   \t(No symbol) [0x0081E4CB]\nE   \t(No symbol) [0x0081D164]\nE   \t(No symbol) [0x008132A6]\nE   \t(No symbol) [0x0083858C]\nE   \t(No symbol) [0x00812BFF]\nE   \t(No symbol) [0x00838804]\nE   \t(No symbol) [0x0084C9EB]\nE   \t(No symbol) [0x00838386]\nE   \t(No symbol) [0x0081163C]\nE   \t(No symbol) [0x0081269D]\nE   \tGetHandleVerifier [0x00C09A22+2655074]\nE   \tGetHandleVerifier [0x00BFCA24+2601828]\nE   \tGetHandleVerifier [0x00A18C0A+619850]\nE   \tGetHandleVerifier [0x00A17830+614768]\nE   \t(No symbol) [0x009005FC]\nE   \t(No symbol) [0x00905968]\nE   \t(No symbol) [0x00905A55]\nE   \t(No symbol) [0x0091051B]\nE   \tBaseThreadInitThunk [0x76FDFA29+25]\nE   \tRtlGetAppContainerNamedObjectPath [0x77127A9E+286]\nE   \tRtlGetAppContainerNamedObjectPath [0x77127A6E+238]\n        exception_class = <class 'selenium.common.exceptions.ElementClickInterceptedException'>\n        json       = <module 'json' from 'C:\\\\Users\\\\Professional\\\\AppData\\\\Local\\\\Programs\\\\Python\\\\Python311\\\\Lib\\\\json\\\\__init__.py'>\n        message    = 'element click intercepted: Element <a href=\"https://test.qa.studio?products_group=sale\" class=\"tab-sale \">...</a> is ...would receive the click: <div class=\"catalog-toolbar-tabs__content\">...</div>\\n  (Session info: chrome=108.0.5359.125)'\n        response   = {'status': 400, 'value': '{\"value\":{\"error\":\"element click intercepted\",\"message\":\"element click intercepted: Element ...\\n\\\\tRtlGetAppContainerNamedObjectPath [0x77127A9E+286]\\\\n\\\\tRtlGetAppContainerNamedObjectPath [0x77127A6E+238]\\\\n\"}}'}\n        screen     = None\n        self       = <selenium.webdriver.remote.errorhandler.ErrorHandler object at 0x000001F0B0031990>\n        st_value   = 'Backtrace:\\n\\t(No symbol) [0x0096F243]\\n\\t(No symbol) [0x008F7FD1]\\n\\t(No symbol) [0x007ED04D]\\n\\t(No symbol) [0x0082...FA29+25]\\n\\tRtlGetAppContainerNamedObjectPath [0x77127A9E+286]\\n\\tRtlGetAppContainerNamedObjectPath [0x77127A6E+238]\\n'\n        stacktrace = ['Backtrace:', '\\t(No symbol) [0x0096F243]', '\\t(No symbol) [0x008F7FD1]', '\\t(No symbol) [0x007ED04D]', '\\t(No symbol) [0x008228B9]', '\\t(No symbol) [0x008208CC]', ...]\n        status     = 'element click intercepted'\n        value      = {'error': 'element click intercepted', 'message': 'element click intercepted: Element <a href=\"https://test.qa.studio?...A29+25]\\n\\tRtlGetAppContainerNamedObjectPath [0x77127A9E+286]\\n\\tRtlGetAppContainerNamedObjectPath [0x77127A6E+238]\\n'}\n        value_json = '{\"value\":{\"error\":\"element click intercepted\",\"message\":\"element click intercepted: Element \\\\u003Ca href=\\\\\"https://...\\\\n\\\\tRtlGetAppContainerNamedObjectPath [0x77127A9E+286]\\\\n\\\\tRtlGetAppContainerNamedObjectPath [0x77127A6E+238]\\\\n\"}}'"}, "description": "\n    Test case TC-2\n    ", "start": 1671449422635, "stop": 1671449427221, "uuid": "a1e3c91f-25e5-412b-8eba-cfb555519f47", "historyId": "09ac6b905e7ac66417c95d86a058a7ca", "testCaseId": "4fdd6adba16e950b161eae73ef4ccb14", "fullName": "tests.test_shop#test_products_group", "labels": [{"name": "tag", "value": "@pytest.mark.xfail(reason='Wait for fix bug')"}, {"name": "parentSuite", "value": "tests"}, {"name": "suite", "value": "test_shop"}, {"name": "host", "value": "Min"}, {"name": "thread", "value": "3916-MainThread"}, {"name": "framework", "value": "pytest"}, {"name": "language", "value": "cpython3"}, {"name": "package", "value": "tests.test_shop"}]}