{"name": "test_right_way", "status": "broken", "statusDetails": {"message": "selenium.common.exceptions.TimeoutException: Message:", "trace": "tests\\test_shop.py:89: in test_right_way\n    WebDriverWait(browser, timeout=10, poll_frequency=1).until(\n        browser    = <selenium.webdriver.chrome.webdriver.WebDriver (session=\"7ca903c2a00ab6f28becaebce22387e3\")>\n        cart_is_visible = 'block'\n        product    = <selenium.webdriver.remote.webelement.WebElement (session=\"7ca903c2a00ab6f28becaebce22387e3\", element=\"055fee1a-c7fd-47d6-88da-7fadc99e1d88\")>\n..\\..\\..\\AppData\\Local\\Programs\\Python\\Python311\\Lib\\site-packages\\selenium\\webdriver\\support\\wait.py:95: in until\n    raise TimeoutException(message, screen, stacktrace)\nE   selenium.common.exceptions.TimeoutException: Message:\n        end_time   = 15988.89\n        message    = ''\n        method     = <function url_to_be.<locals>._predicate at 0x000001F0B26CECA0>\n        screen     = None\n        self       = <selenium.webdriver.support.wait.WebDriverWait (session=\"7ca903c2a00ab6f28becaebce22387e3\")>\n        stacktrace = None\n        value      = False"}, "description": "\n    Test case TC-4\n    ", "start": 1671449430156, "stop": 1671449446297, "uuid": "573a83be-4593-4194-ace2-651a87926b23", "historyId": "832350b147fac251f172289a626c5cba", "testCaseId": "7b8323124234f69a8fde1e3de50f452e", "fullName": "tests.test_shop#test_right_way", "labels": [{"name": "parentSuite", "value": "tests"}, {"name": "suite", "value": "test_shop"}, {"name": "host", "value": "Min"}, {"name": "thread", "value": "3916-MainThread"}, {"name": "framework", "value": "pytest"}, {"name": "language", "value": "cpython3"}, {"name": "package", "value": "tests.test_shop"}]}